\BOOKMARK [1][-]{section*.2}{\376\377\000I\000n\000t\000r\000o\000d\000u\000c\000t\000i\000o\000n}{}% 1
\BOOKMARK [2][-]{section*.3}{\376\377\000W\000h\000a\000t\000\040\000i\000s\000\040\000a\000\040\000R\000A\000P\000?}{section*.2}% 2
\BOOKMARK [2][-]{section*.4}{\376\377\000W\000h\000a\000t\000\040\000i\000s\000\040\000R\000/\000R\000\040\000S\000t\000u\000d\000i\000o\000?}{section*.2}% 3
\BOOKMARK [1][-]{section*.6}{\376\377\000A\000D\000A\000\040\000a\000n\000d\000\040\000d\000a\000t\000a\000b\000r\000i\000c\000k\000s}{}% 4
\BOOKMARK [1][-]{section*.7}{\376\377\000P\000r\000e\000-\000w\000o\000r\000k\000s\000h\000o\000p\000\040\000r\000e\000q\000u\000i\000r\000e\000m\000e\000n\000t\000s}{}% 5
\BOOKMARK [2][-]{section*.8}{\376\377\000T\000e\000c\000h\000n\000i\000c\000a\000l\000\040\000r\000e\000q\000u\000i\000r\000e\000m\000e\000n\000t\000s}{section*.7}% 6
\BOOKMARK [2][-]{section*.11}{\376\377\000W\000o\000r\000k\000i\000n\000g\000\040\000i\000n\000\040\000g\000r\000o\000u\000p\000s}{section*.7}% 7
\BOOKMARK [1][-]{section*.12}{\376\377\000G\000e\000t\000t\000i\000n\000g\000\040\000s\000t\000a\000r\000t\000e\000d\000\040\040\046}{}% 8
\BOOKMARK [1][-]{section*.13}{\376\377\000C\000r\000e\000a\000t\000i\000n\000g\000\040\000a\000\040\000p\000r\000o\000j\000e\000c\000t\000\040\000\046\000\040\000c\000l\000o\000n\000i\000n\000g\000\040\000r\000e\000p\000o\000s\000i\000t\000o\000r\000i\000e\000s}{}% 9
\BOOKMARK [2][-]{section*.14}{\376\377\000U\000s\000i\000n\000g\000\040\000r\000e\000n\000v}{section*.13}% 10
\BOOKMARK [1][-]{section*.15}{\376\377\000Y\000o\000u\000r\000\040\000i\000n\000i\000t\000i\000a\000l\000\040\000s\000c\000r\000i\000p\000t}{}% 11
\BOOKMARK [2][-]{section*.16}{\376\377\000C\000o\000m\000m\000e\000n\000t\000s\000\040\000a\000n\000d\000\040\000h\000e\000a\000d\000i\000n\000g\000s}{section*.15}% 12
\BOOKMARK [2][-]{section*.18}{\376\377\000A\000d\000d\000i\000n\000g\000\040\000a\000n\000d\000\040\000r\000u\000n\000n\000i\000n\000g\000\040\000c\000o\000d\000e}{section*.15}% 13
\BOOKMARK [2][-]{section*.20}{\376\377\000L\000o\000a\000d\000i\000n\000g\000\040\000i\000n\000\040\000t\000h\000e\000\040\000d\000a\000t\000a}{section*.15}% 14
\BOOKMARK [1][-]{section*.25}{\376\377\000M\000a\000n\000u\000p\000i\000l\000a\000t\000i\000n\000g\000\040\000d\000a\000t\000a}{}% 15
\BOOKMARK [2][-]{section*.26}{\376\377\000A\000g\000g\000r\000e\000g\000a\000t\000e\000\040\000\046\000\040\000f\000i\000l\000t\000e\000r\000\040\000d\000a\000t\000a}{section*.25}% 16
\BOOKMARK [2][-]{section*.27}{\376\377\000R\000e\000o\000r\000d\000e\000r\000\040\000a\000n\000d\000\040\000r\000e\000n\000a\000m\000e\000\040\000c\000o\000l\000u\000m\000n\000s}{section*.25}% 17
\BOOKMARK [2][-]{section*.28}{\376\377\000S\000u\000p\000p\000r\000e\000s\000s\000i\000o\000n\000\040\000\050\000a\000n\000d\000\040\000w\000r\000i\000t\000i\000n\000g\000\040\000f\000u\000n\000c\000t\000i\000o\000n\000s\000\051}{section*.25}% 18
\BOOKMARK [2][-]{section*.32}{\376\377\000A\000d\000d\000i\000n\000g\000\040\000n\000e\000w\000\040\000c\000o\000l\000u\000m\000n\000s}{section*.25}% 19
\BOOKMARK [2][-]{section*.33}{\376\377\000J\000o\000i\000n\000s\000\040\000\046\000\040\000j\000o\000i\000n\000i\000n\000g\000\040\000g\000e\000o\000g\000r\000a\000p\000h\000i\000c\000\040\000c\000o\000d\000e\000s\000\040\000v\000i\000a\000\040\000l\000o\000o\000k\000u\000p\000\040\000t\000a\000b\000l\000e\000s}{section*.25}% 20
\BOOKMARK [2][-]{section*.35}{\376\377\000R\000e\000f\000o\000r\000m\000a\000t\000t\000i\000n\000g\000\040\000d\000a\000t\000a\000\040\000\050\000w\000i\000d\000e\000\040\000-\000>\000\040\000l\000o\000n\000g\000\051}{section*.25}% 21
\BOOKMARK [2][-]{section*.36}{\376\377\000R\000e\000g\000u\000l\000a\000r\000\040\000e\000x\000p\000r\000e\000s\000s\000i\000o\000n\000s}{section*.25}% 22
\BOOKMARK [1][-]{section*.37}{\376\377\000R\000u\000n\000n\000i\000n\000g\000\040\000a\000\040\000S\000Q\000L\000\040\000q\000u\000e\000r\000y}{}% 23
\BOOKMARK [1][-]{section*.38}{\376\377\000C\000r\000e\000a\000t\000i\000n\000g\000\040\000p\000l\000o\000t\000s}{}% 24
\BOOKMARK [1][-]{section*.39}{\376\377\000U\000s\000i\000n\000g\000\040\000o\000n\000l\000i\000n\000e\000\040\000r\000e\000s\000o\000u\000r\000c\000e\000s}{}% 25
\BOOKMARK [2][-]{section*.40}{\376\377\000G\000o\000o\000g\000l\000e\000\040\000q\000u\000e\000s\000t\000i\000o\000n\000s\000\040\000a\000n\000d\000\040\000e\000r\000r\000o\000r\000s}{section*.39}% 26
\BOOKMARK [2][-]{section*.41}{\376\377\000U\000s\000i\000n\000g\000\040\000c\000h\000a\000t\000G\000P\000T}{section*.39}% 27
\BOOKMARK [1][-]{section*.42}{\376\377\000w\000-\000R\000A\000P\000\040\000i\000t\000\040\000u\000p}{}% 28
\BOOKMARK [1][-]{section*.43}{\376\377\000d\000p\000l\000y\000r\000\040\000v\000s\000.\000\040\000d\000a\000t\000a\000.\000t\000a\000b\000l\000e}{}% 29
\BOOKMARK [1][-]{section*.44}{\376\377\000T\000r\000o\000u\000b\000l\000e\000s\000h\000o\000o\000t\000i\000n\000g}{}% 30
\BOOKMARK [2][-]{section*.45}{\376\377\000r\000e\000n\000v}{section*.44}% 31
\BOOKMARK [2][-]{section*.49}{\376\377\000`\000C\000a\000n\000'\000t\000\040\000f\000i\000n\000d\000\040\000m\000a\000k\000e\000'\000\040\000e\000r\000r\000o\000r}{section*.44}% 32
\BOOKMARK [1][-]{section*.50}{\376\377\000E\000x\000c\000e\000l\000\040\000f\000u\000n\000c\000t\000i\000o\000n\000s\000\040\000i\000n\000\040\000R}{}% 33
\BOOKMARK [1][-]{section*.51}{\376\377\000S\000Q\000L\000\040\000f\000u\000n\000c\000t\000i\000o\000n\000s\000\040\000i\000n\000\040\000R}{}% 34
